Start testing: Jul 20 16:38 中国标准时间
----------------------------------------------------------
1/1 Testing: alg_kalman_tests
1/1 Test: alg_kalman_tests
Command: "D:/ACE/general_framework/User/Algorithm/alg_kalman/Test/build-clang/alg_kalman_tests.exe"
Directory: D:/ACE/general_framework/User/Algorithm/alg_kalman/Test/build-clang
"alg_kalman_tests" start time: Jul 20 16:38 中国标准时间
Output:
----------------------------------------------------------
All alg_kalman tests passed.
<end of output>
Test time =   0.04 sec
----------------------------------------------------------
Test Passed.
"alg_kalman_tests" end time: Jul 20 16:38 中国标准时间
"alg_kalman_tests" time elapsed: 00:00:00
----------------------------------------------------------

End testing: Jul 20 16:38 中国标准时间
