Start testing: Jul 20 16:38 中国标准时间
----------------------------------------------------------
1/1 Testing: alg_filter_tests
1/1 Test: alg_filter_tests
Command: "D:/ACE/general_framework/User/Algorithm/alg_filter/Test/build-clang/alg_filter_tests.exe"
Directory: D:/ACE/general_framework/User/Algorithm/alg_filter/Test/build-clang
"alg_filter_tests" start time: Jul 20 16:38 中国标准时间
Output:
----------------------------------------------------------
All alg_filter tests passed.
<end of output>
Test time =   0.04 sec
----------------------------------------------------------
Test Passed.
"alg_filter_tests" end time: Jul 20 16:38 中国标准时间
"alg_filter_tests" time elapsed: 00:00:00
----------------------------------------------------------

End testing: Jul 20 16:38 中国标准时间
