Start testing: Jul 20 16:51 中国标准时间
----------------------------------------------------------
1/1 Testing: alg_pid_tests
1/1 Test: alg_pid_tests
Command: "D:/ACE/general_framework/User/Algorithm/alg_pid/Test/build-clang/alg_pid_tests.exe"
Directory: D:/ACE/general_framework/User/Algorithm/alg_pid/Test/build-clang
"alg_pid_tests" start time: Jul 20 16:51 中国标准时间
Output:
----------------------------------------------------------
All alg_pid tests passed.
<end of output>
Test time =   0.04 sec
----------------------------------------------------------
Test Passed.
"alg_pid_tests" end time: Jul 20 16:51 中国标准时间
"alg_pid_tests" time elapsed: 00:00:00
----------------------------------------------------------

End testing: Jul 20 16:51 中国标准时间
